==================================================
[Fri Mar 27 06:00:00 CST 2026] Starting daily data fetch...
==================================================
[Fri Mar 27 06:00:00 CST 2026] Phase 1: TheSportsDB (free)...
[live-data] Fetching real World Cup data from TheSportsDB...

[1/3] Fetching 2026 World Cup fixtures...
  → 15 fixtures found
[2/3] Fetching 2022 World Cup results (historical data)...
  → 15 results found
[3/3] Fetching national team details...
  ✓ Argentina (ID: 134509)
  ✓ Brazil (ID: 134496)
  ✓ France (ID: 133913)
  ✓ Germany (ID: 133907)
  ✓ England (ID: 133914)
  ✓ Spain (ID: 133909)
  ✓ USA (ID: 134514)
  ✓ Mexico (ID: 134497)
  ✓ Japan (ID: 134503)
  ✓ South Korea (ID: 134517)
  ✓ Netherlands (ID: 133905)
  ✓ Belgium (ID: 134515)
  ✓ Uruguay (ID: 134504)
  ✓ Italy (ID: 133910)
  ✓ Portugal (ID: 133908)

[live-data] Cache written to /Users/clawstack/scoutedge-web/src/data/live-cache.json
  2026 fixtures: 15 | 2022 results: 15 | Teams: 15
[Fri Mar 27 06:00:23 CST 2026] Phase 2: SKIPPED — API_FOOTBALL_KEY not set
[Fri Mar 27 06:00:23 CST 2026] Phase 3: Building site...

> scoutedge-web@0.1.0 build
> next build

   ▲ Next.js 15.5.14

   Creating an optimized production build ...
 ✓ Compiled successfully in 4.4s
   Linting and checking validity of types ...
   Collecting page data ...
   Generating static pages (0/2279) ...
   Generating static pages (569/2279) 
   Generating static pages (1139/2279) 
   Generating static pages (1709/2279) 
 ✓ Generating static pages (2279/2279)
   Finalizing page optimization ...
   Collecting build traces ...
   Exporting (0/2) ...
 ✓ Exporting (2/2)

Route (app)                                     Size  First Load JS
┌ ○ /                                        1.57 kB         107 kB
├ ○ /_not-found                                997 B         103 kB
├ ● /[locale]                                  166 B         106 kB
├   ├ /es
├   ├ /zh
├   ├ /pt
├   └ [+5 more paths]
├ ○ /blog                                      177 B         106 kB
├ ● /blog/[slug]                               177 B         106 kB
├   ├ /blog/who-will-win-world-cup-2026
├   ├ /blog/world-cup-2026-complete-guide
├   └ /blog/world-cup-2026-groups-explained
├ ○ /community                               3.04 kB         109 kB
├ ● /community/[category]                      177 B         106 kB
├   ├ /community/predictions
├   ├ /community/team-talk
├   ├ /community/match-day
├   └ /community/general
├ ○ /compare                                   177 B         106 kB
├ ● /compare/[matchup]                         177 B         106 kB
├   ├ /compare/algeria-vs-argentina
├   ├ /compare/algeria-vs-australia
├   ├ /compare/algeria-vs-austria
├   └ [+1125 more paths]
├ ○ /countdown                                 799 B         106 kB
├ ○ /daily-briefing                          1.57 kB         107 kB
├ ● /groups/[group]                            166 B         106 kB
├   ├ /groups/A
├   ├ /groups/B
├   ├ /groups/C
├   └ [+9 more paths]
├ ○ /matches                                 2.38 kB         340 kB
├ ○ /power-rankings                            177 B         106 kB
├ ○ /predictions                              3.8 kB         109 kB
├ ○ /privacy-policy                            132 B         102 kB
├ ○ /robots.txt                                132 B         102 kB
├ ○ /schedule                                3.55 kB         338 kB
├ ○ /schedule/converter                       2.8 kB         340 kB
├ ○ /sitemap.xml                               132 B         102 kB
├ ○ /teams                                     177 B         106 kB
├ ● /teams/[slug]                             2.7 kB         108 kB
├   ├ /teams/mexico
├   ├ /teams/south-africa
├   ├ /teams/south-korea
├   └ [+45 more paths]
├ ● /teams/[slug]/players/[playerSlug]       6.26 kB         112 kB
├   ├ /teams/mexico/players/guillermo-ochoa
├   ├ /teams/mexico/players/luis-malagon
├   ├ /teams/mexico/players/carlos-acevedo
├   └ [+1054 more paths]
└ ○ /terms-of-service                          132 B         102 kB
+ First Load JS shared by all                 102 kB
  ├ chunks/255-aaafc19c72668c72.js           46.1 kB
  ├ chunks/4bd1b696-c023c6e3521b1417.js      54.2 kB
  └ other shared chunks (total)              1.93 kB


○  (Static)  prerendered as static content
●  (SSG)     prerendered as static HTML (uses generateStaticParams)

[Fri Mar 27 06:00:57 CST 2026] Phase 4: Restarting server...
[Fri Mar 27 06:00:58 CST 2026] Daily fetch complete. Server restarted on port 3847.
==================================================
