[Thu Mar 26 08:03:00 CST 2026] Starting news refresh build...

> scoutedge-web@0.1.0 build
> next build

   ▲ Next.js 15.5.14

   Creating an optimized production build ...
 ✓ Compiled successfully in 1930ms
   Linting and checking validity of types ...
   Collecting page data ...
   Generating static pages (0/1129) ...
   Generating static pages (282/1129) 
   Generating static pages (564/1129) 
   Generating static pages (846/1129) 
 ✓ Generating static pages (1129/1129)
   Finalizing page optimization ...
   Collecting build traces ...
   Exporting (0/2) ...
 ✓ Exporting (2/2)

Route (app)                                     Size  First Load JS
┌ ○ /                                          165 B         106 kB
├ ○ /_not-found                                997 B         103 kB
├ ○ /daily-briefing                            167 B         106 kB
├ ● /groups/[group]                            165 B         106 kB
├   ├ /groups/A
├   ├ /groups/B
├   ├ /groups/C
├   └ [+9 more paths]
├ ○ /matches                                 45.2 kB         151 kB
├ ○ /power-rankings                            167 B         106 kB
├ ○ /privacy-policy                            132 B         102 kB
├ ○ /robots.txt                                132 B         102 kB
├ ○ /sitemap.xml                               132 B         102 kB
├ ○ /teams                                     167 B         106 kB
├ ● /teams/[slug]                             2.7 kB         108 kB
├   ├ /teams/mexico
├   ├ /teams/south-africa
├   ├ /teams/south-korea
├   └ [+45 more paths]
├ ● /teams/[slug]/players/[playerSlug]       6.25 kB         112 kB
├   ├ /teams/mexico/players/guillermo-ochoa
├   ├ /teams/mexico/players/luis-malagon
├   ├ /teams/mexico/players/carlos-acevedo
├   └ [+1054 more paths]
└ ○ /terms-of-service                          132 B         102 kB
+ First Load JS shared by all                 102 kB
  ├ chunks/255-aaafc19c72668c72.js           46.1 kB
  ├ chunks/4bd1b696-c023c6e3521b1417.js      54.2 kB
  └ other shared chunks (total)              1.93 kB


○  (Static)  prerendered as static content
●  (SSG)     prerendered as static HTML (uses generateStaticParams)

[Thu Mar 26 08:03:26 CST 2026] News refresh complete. Server restarted on port 3847.
